<?xml version="1.0" encoding="UTF-8"?>
<!-- Generated by org.testng.reporters.JUnitReportReporter -->
<testsuite skipped="0" hostname="localhost" name="test.autotest.NewTest" tests="1" failures="0" timestamp="09 八月 2017 04:12:41 GMT" time="0.597" errors="0">
  <testcase name="f" time="0.597" classname="test.autotest.NewTest"/>
</testsuite> <!-- test.autotest.NewTest -->
