<?xml version="1.0" encoding="UTF-8"?>
<!-- Generated by org.testng.reporters.JUnitReportReporter -->
<testsuite skipped="0" hostname="localhost" name="test.autotest.NewTest2" tests="1" failures="0" timestamp="09 八月 2017 08:11:54 GMT" time="0.266" errors="0">
  <testcase name="testcase2" time="0.266" classname="test.autotest.NewTest2"/>
</testsuite> <!-- test.autotest.NewTest2 -->
