<?xml version="1.0" encoding="UTF-8"?>
<!-- Generated by org.testng.reporters.JUnitReportReporter -->
<testsuite skipped="0" hostname="localhost" name="test.autotest.NewTest" tests="1" failures="0" timestamp="09 八月 2017 08:26:03 GMT" time="0.154" errors="0">
  <testcase name="testcase1" time="0.154" classname="test.autotest.NewTest"/>
</testsuite> <!-- test.autotest.NewTest -->
